C:\Program Files (x86)\Microsoft Visual Studio\2019\Community\MSBuild\Microsoft\VC\v160\Microsoft.CppBuild.targets(477,5): warning MSB8004: Output Directory does not end with a trailing slash.  This build instance will add the slash as it is required to allow proper evaluation of the Output Directory.
  AnimationMinus.cpp
  AnimationPlus.cpp
  BadGuy.cpp
  Cell.cpp
  Circle.cpp
  Game.cpp
C:\Users\kelly\source\repos\SquidGame\SquidGame\Game.cpp(47,44): warning C4244: 'argument': conversion from 'int' to 'float', possible loss of data
C:\Users\kelly\source\repos\SquidGame\SquidGame\Game.cpp(48,44): warning C4244: 'argument': conversion from 'int' to 'float', possible loss of data
C:\Users\kelly\source\repos\SquidGame\SquidGame\Game.cpp(105,19): warning C4244: 'initializing': conversion from 'time_t' to 'unsigned int', possible loss of data
C:\Users\kelly\source\repos\SquidGame\SquidGame\Game.cpp(248,19): warning C4244: 'initializing': conversion from 'time_t' to 'unsigned int', possible loss of data
  GameBoard.cpp
  Girl.cpp
  Main.cpp
  RectangleOb.cpp
  Score.cpp
  Star.cpp
  Triangle.cpp
  Generating Code...
sggd.lib(AudioManager.obj) : warning LNK4099: PDB 'sggd.pdb' was not found with 'sggd.lib(AudioManager.obj)' or at 'C:\Users\kelly\source\repos\SquidGame\bin\sggd.pdb'; linking object as if no debug info
sggd.lib(fonts.obj) : warning LNK4099: PDB 'sggd.pdb' was not found with 'sggd.lib(fonts.obj)' or at 'C:\Users\kelly\source\repos\SquidGame\bin\sggd.pdb'; linking object as if no debug info
sggd.lib(GLbackend.obj) : warning LNK4099: PDB 'sggd.pdb' was not found with 'sggd.lib(GLbackend.obj)' or at 'C:\Users\kelly\source\repos\SquidGame\bin\sggd.pdb'; linking object as if no debug info
sggd.lib(graphics.obj) : warning LNK4099: PDB 'sggd.pdb' was not found with 'sggd.lib(graphics.obj)' or at 'C:\Users\kelly\source\repos\SquidGame\bin\sggd.pdb'; linking object as if no debug info
sggd.lib(lodepng.obj) : warning LNK4099: PDB 'sggd.pdb' was not found with 'sggd.lib(lodepng.obj)' or at 'C:\Users\kelly\source\repos\SquidGame\bin\sggd.pdb'; linking object as if no debug info
sggd.lib(shader.obj) : warning LNK4099: PDB 'sggd.pdb' was not found with 'sggd.lib(shader.obj)' or at 'C:\Users\kelly\source\repos\SquidGame\bin\sggd.pdb'; linking object as if no debug info
sggd.lib(texture.obj) : warning LNK4099: PDB 'sggd.pdb' was not found with 'sggd.lib(texture.obj)' or at 'C:\Users\kelly\source\repos\SquidGame\bin\sggd.pdb'; linking object as if no debug info
  SquidGame.vcxproj -> C:\Users\kelly\source\repos\SquidGame\bin\SquidGamed.exe
